<?xml version="1.0" encoding="UTF-8"?>
<testng-results skipped="0" failed="0" ignored="0" total="1" passed="1">
  <reporter-output>
  </reporter-output>
  <suite name="helloworld_test.TestHelloWorld" duration-ms="77" started-at="2020-10-07T17:40:43 MDT" finished-at="2020-10-07T17:40:43 MDT">
    <groups>
    </groups>
    <test name="Command line test" duration-ms="77" started-at="2020-10-07T17:40:43 MDT" finished-at="2020-10-07T17:40:43 MDT">
      <class name="helloworld_test.TestHelloWorld">
        <test-method status="PASS" signature="testHelloWorld()[pri:0, instance:helloworld_test.TestHelloWorld@6767c1fc]" name="testHelloWorld" duration-ms="15" started-at="2020-10-07T17:40:43 MDT" finished-at="2020-10-07T17:40:43 MDT">
          <reporter-output>
          </reporter-output>
        </test-method> <!-- testHelloWorld -->
      </class> <!-- helloworld_test.TestHelloWorld -->
    </test> <!-- Command line test -->
  </suite> <!-- helloworld_test.TestHelloWorld -->
</testng-results>
